{"C:\\work\\Language-Learning-App\\server\\index.js": {"path":"C:\\work\\Language-Learning-App\\server\\index.js","statementMap":{"0":{"start":{"line":1,"column":16},"end":{"line":1,"column":34}},"1":{"start":{"line":2,"column":13},"end":{"line":2,"column":28}},"2":{"start":{"line":3,"column":17},"end":{"line":3,"column":36}},"3":{"start":{"line":4,"column":0},"end":{"line":4,"column":51}},"4":{"start":{"line":5,"column":13},"end":{"line":5,"column":28}},"5":{"start":{"line":7,"column":12},"end":{"line":7,"column":21}},"6":{"start":{"line":8,"column":0},"end":{"line":8,"column":24}},"7":{"start":{"line":9,"column":0},"end":{"line":9,"column":16}},"8":{"start":{"line":10,"column":0},"end":{"line":10,"column":35}},"9":{"start":{"line":11,"column":0},"end":{"line":11,"column":48}},"10":{"start":{"line":14,"column":19},"end":{"line":18,"column":2}},"11":{"start":{"line":19,"column":0},"end":{"line":19,"column":35}},"12":{"start":{"line":22,"column":19},"end":{"line":28,"column":2}},"13":{"start":{"line":30,"column":19},"end":{"line":35,"column":2}},"14":{"start":{"line":36,"column":0},"end":{"line":36,"column":35}},"15":{"start":{"line":39,"column":0},"end":{"line":41,"column":3}},"16":{"start":{"line":40,"column":2},"end":{"line":40,"column":70}},"17":{"start":{"line":44,"column":0},"end":{"line":68,"column":3}},"18":{"start":{"line":45,"column":16},"end":{"line":45,"column":38}},"19":{"start":{"line":46,"column":16},"end":{"line":46,"column":38}},"20":{"start":{"line":47,"column":2},"end":{"line":67,"column":3}},"21":{"start":{"line":48,"column":49},"end":{"line":48,"column":57}},"22":{"start":{"line":50,"column":4},"end":{"line":52,"column":5}},"23":{"start":{"line":51,"column":6},"end":{"line":51,"column":108}},"24":{"start":{"line":53,"column":20},"end":{"line":53,"column":67}},"25":{"start":{"line":54,"column":4},"end":{"line":54,"column":25}},"26":{"start":{"line":56,"column":25},"end":{"line":59,"column":5}},"27":{"start":{"line":60,"column":4},"end":{"line":60,"column":41}},"28":{"start":{"line":62,"column":4},"end":{"line":62,"column":56}},"29":{"start":{"line":63,"column":4},"end":{"line":63,"column":101}},"30":{"start":{"line":65,"column":4},"end":{"line":65,"column":58}},"31":{"start":{"line":66,"column":4},"end":{"line":66,"column":99}},"32":{"start":{"line":71,"column":0},"end":{"line":81,"column":3}},"33":{"start":{"line":72,"column":16},"end":{"line":72,"column":38}},"34":{"start":{"line":73,"column":2},"end":{"line":80,"column":3}},"35":{"start":{"line":74,"column":23},"end":{"line":74,"column":33}},"36":{"start":{"line":75,"column":18},"end":{"line":75,"column":46}},"37":{"start":{"line":76,"column":4},"end":{"line":76,"column":32}},"38":{"start":{"line":78,"column":4},"end":{"line":78,"column":50}},"39":{"start":{"line":79,"column":4},"end":{"line":79,"column":97}},"40":{"start":{"line":84,"column":0},"end":{"line":103,"column":3}},"41":{"start":{"line":85,"column":16},"end":{"line":85,"column":38}},"42":{"start":{"line":86,"column":2},"end":{"line":102,"column":3}},"43":{"start":{"line":87,"column":29},"end":{"line":87,"column":37}},"44":{"start":{"line":88,"column":4},"end":{"line":90,"column":5}},"45":{"start":{"line":89,"column":6},"end":{"line":89,"column":88}},"46":{"start":{"line":91,"column":20},"end":{"line":96,"column":6}},"47":{"start":{"line":97,"column":4},"end":{"line":97,"column":25}},"48":{"start":{"line":98,"column":4},"end":{"line":98,"column":34}},"49":{"start":{"line":100,"column":4},"end":{"line":100,"column":49}},"50":{"start":{"line":101,"column":4},"end":{"line":101,"column":96}},"51":{"start":{"line":106,"column":0},"end":{"line":118,"column":3}},"52":{"start":{"line":107,"column":16},"end":{"line":107,"column":38}},"53":{"start":{"line":108,"column":2},"end":{"line":117,"column":3}},"54":{"start":{"line":109,"column":23},"end":{"line":109,"column":33}},"55":{"start":{"line":110,"column":24},"end":{"line":110,"column":32}},"56":{"start":{"line":111,"column":19},"end":{"line":111,"column":101}},"57":{"start":{"line":112,"column":4},"end":{"line":112,"column":76}},"58":{"start":{"line":112,"column":17},"end":{"line":112,"column":76}},"59":{"start":{"line":113,"column":4},"end":{"line":113,"column":33}},"60":{"start":{"line":115,"column":4},"end":{"line":115,"column":49}},"61":{"start":{"line":116,"column":4},"end":{"line":116,"column":96}},"62":{"start":{"line":121,"column":0},"end":{"line":132,"column":3}},"63":{"start":{"line":122,"column":16},"end":{"line":122,"column":38}},"64":{"start":{"line":123,"column":2},"end":{"line":131,"column":3}},"65":{"start":{"line":124,"column":23},"end":{"line":124,"column":33}},"66":{"start":{"line":125,"column":19},"end":{"line":125,"column":73}},"67":{"start":{"line":126,"column":4},"end":{"line":126,"column":76}},"68":{"start":{"line":126,"column":17},"end":{"line":126,"column":76}},"69":{"start":{"line":127,"column":4},"end":{"line":127,"column":67}},"70":{"start":{"line":129,"column":4},"end":{"line":129,"column":49}},"71":{"start":{"line":130,"column":4},"end":{"line":130,"column":96}},"72":{"start":{"line":135,"column":0},"end":{"line":149,"column":3}},"73":{"start":{"line":136,"column":16},"end":{"line":136,"column":38}},"74":{"start":{"line":137,"column":2},"end":{"line":148,"column":3}},"75":{"start":{"line":138,"column":30},"end":{"line":138,"column":38}},"76":{"start":{"line":139,"column":4},"end":{"line":141,"column":5}},"77":{"start":{"line":140,"column":6},"end":{"line":140,"column":113}},"78":{"start":{"line":142,"column":28},"end":{"line":142,"column":68}},"79":{"start":{"line":142,"column":47},"end":{"line":142,"column":66}},"80":{"start":{"line":143,"column":4},"end":{"line":143,"column":44}},"81":{"start":{"line":144,"column":4},"end":{"line":144,"column":69}},"82":{"start":{"line":146,"column":4},"end":{"line":146,"column":51}},"83":{"start":{"line":147,"column":4},"end":{"line":147,"column":98}},"84":{"start":{"line":152,"column":0},"end":{"line":152,"column":21}},"85":{"start":{"line":155,"column":0},"end":{"line":172,"column":1}},"86":{"start":{"line":156,"column":15},"end":{"line":156,"column":39}},"87":{"start":{"line":157,"column":2},"end":{"line":160,"column":3}},"88":{"start":{"line":158,"column":4},"end":{"line":158,"column":89}},"89":{"start":{"line":159,"column":4},"end":{"line":159,"column":20}},"90":{"start":{"line":161,"column":2},"end":{"line":171,"column":7}},"91":{"start":{"line":163,"column":6},"end":{"line":163,"column":87}},"92":{"start":{"line":164,"column":6},"end":{"line":166,"column":9}},"93":{"start":{"line":165,"column":8},"end":{"line":165,"column":92}},"94":{"start":{"line":169,"column":6},"end":{"line":169,"column":89}},"95":{"start":{"line":170,"column":6},"end":{"line":170,"column":22}}},"fnMap":{"0":{"name":"(anonymous_0)","decl":{"start":{"line":39,"column":13},"end":{"line":39,"column":14}},"loc":{"start":{"line":39,"column":27},"end":{"line":41,"column":1}},"line":39},"1":{"name":"(anonymous_1)","decl":{"start":{"line":44,"column":18},"end":{"line":44,"column":19}},"loc":{"start":{"line":44,"column":38},"end":{"line":68,"column":1}},"line":44},"2":{"name":"(anonymous_2)","decl":{"start":{"line":71,"column":30},"end":{"line":71,"column":31}},"loc":{"start":{"line":71,"column":50},"end":{"line":81,"column":1}},"line":71},"3":{"name":"(anonymous_3)","decl":{"start":{"line":84,"column":23},"end":{"line":84,"column":24}},"loc":{"start":{"line":84,"column":43},"end":{"line":103,"column":1}},"line":84},"4":{"name":"(anonymous_4)","decl":{"start":{"line":106,"column":30},"end":{"line":106,"column":31}},"loc":{"start":{"line":106,"column":50},"end":{"line":118,"column":1}},"line":106},"5":{"name":"(anonymous_5)","decl":{"start":{"line":121,"column":33},"end":{"line":121,"column":34}},"loc":{"start":{"line":121,"column":53},"end":{"line":132,"column":1}},"line":121},"6":{"name":"(anonymous_6)","decl":{"start":{"line":135,"column":30},"end":{"line":135,"column":31}},"loc":{"start":{"line":135,"column":50},"end":{"line":149,"column":1}},"line":135},"7":{"name":"(anonymous_7)","decl":{"start":{"line":142,"column":38},"end":{"line":142,"column":39}},"loc":{"start":{"line":142,"column":47},"end":{"line":142,"column":66}},"line":142},"8":{"name":"(anonymous_8)","decl":{"start":{"line":162,"column":10},"end":{"line":162,"column":11}},"loc":{"start":{"line":162,"column":16},"end":{"line":167,"column":5}},"line":162},"9":{"name":"(anonymous_9)","decl":{"start":{"line":164,"column":23},"end":{"line":164,"column":24}},"loc":{"start":{"line":164,"column":29},"end":{"line":166,"column":7}},"line":164},"10":{"name":"(anonymous_10)","decl":{"start":{"line":168,"column":11},"end":{"line":168,"column":12}},"loc":{"start":{"line":168,"column":18},"end":{"line":171,"column":5}},"line":168}},"branchMap":{"0":{"loc":{"start":{"line":50,"column":4},"end":{"line":52,"column":5}},"type":"if","locations":[{"start":{"line":50,"column":4},"end":{"line":52,"column":5}},{"start":{},"end":{}}],"line":50},"1":{"loc":{"start":{"line":50,"column":8},"end":{"line":50,"column":47}},"type":"binary-expr","locations":[{"start":{"line":50,"column":8},"end":{"line":50,"column":17}},{"start":{"line":50,"column":21},"end":{"line":50,"column":28}},{"start":{"line":50,"column":32},"end":{"line":50,"column":47}}],"line":50},"2":{"loc":{"start":{"line":88,"column":4},"end":{"line":90,"column":5}},"type":"if","locations":[{"start":{"line":88,"column":4},"end":{"line":90,"column":5}},{"start":{},"end":{}}],"line":88},"3":{"loc":{"start":{"line":88,"column":8},"end":{"line":88,"column":24}},"type":"binary-expr","locations":[{"start":{"line":88,"column":8},"end":{"line":88,"column":13}},{"start":{"line":88,"column":17},"end":{"line":88,"column":24}}],"line":88},"4":{"loc":{"start":{"line":112,"column":4},"end":{"line":112,"column":76}},"type":"if","locations":[{"start":{"line":112,"column":4},"end":{"line":112,"column":76}},{"start":{},"end":{}}],"line":112},"5":{"loc":{"start":{"line":126,"column":4},"end":{"line":126,"column":76}},"type":"if","locations":[{"start":{"line":126,"column":4},"end":{"line":126,"column":76}},{"start":{},"end":{}}],"line":126},"6":{"loc":{"start":{"line":139,"column":4},"end":{"line":141,"column":5}},"type":"if","locations":[{"start":{"line":139,"column":4},"end":{"line":141,"column":5}},{"start":{},"end":{}}],"line":139},"7":{"loc":{"start":{"line":139,"column":8},"end":{"line":139,"column":50}},"type":"binary-expr","locations":[{"start":{"line":139,"column":8},"end":{"line":139,"column":14}},{"start":{"line":139,"column":18},"end":{"line":139,"column":39}},{"start":{"line":139,"column":43},"end":{"line":139,"column":50}}],"line":139},"8":{"loc":{"start":{"line":155,"column":0},"end":{"line":172,"column":1}},"type":"if","locations":[{"start":{"line":155,"column":0},"end":{"line":172,"column":1}},{"start":{},"end":{}}],"line":155},"9":{"loc":{"start":{"line":156,"column":15},"end":{"line":156,"column":39}},"type":"binary-expr","locations":[{"start":{"line":156,"column":15},"end":{"line":156,"column":31}},{"start":{"line":156,"column":35},"end":{"line":156,"column":39}}],"line":156},"10":{"loc":{"start":{"line":157,"column":2},"end":{"line":160,"column":3}},"type":"if","locations":[{"start":{"line":157,"column":2},"end":{"line":160,"column":3}},{"start":{},"end":{}}],"line":157}},"s":{"0":1,"1":1,"2":1,"3":1,"4":1,"5":1,"6":1,"7":1,"8":1,"9":1,"10":1,"11":1,"12":1,"13":1,"14":1,"15":1,"16":0,"17":1,"18":0,"19":0,"20":0,"21":0,"22":0,"23":0,"24":0,"25":0,"26":0,"27":0,"28":0,"29":0,"30":0,"31":0,"32":1,"33":0,"34":0,"35":0,"36":0,"37":0,"38":0,"39":0,"40":1,"41":3,"42":3,"43":3,"44":3,"45":2,"46":1,"47":1,"48":1,"49":0,"50":0,"51":1,"52":0,"53":0,"54":0,"55":0,"56":0,"57":0,"58":0,"59":0,"60":0,"61":0,"62":1,"63":0,"64":0,"65":0,"66":0,"67":0,"68":0,"69":0,"70":0,"71":0,"72":1,"73":0,"74":0,"75":0,"76":0,"77":0,"78":0,"79":0,"80":0,"81":0,"82":0,"83":0,"84":1,"85":1,"86":0,"87":0,"88":0,"89":0,"90":0,"91":0,"92":0,"93":0,"94":0,"95":0},"f":{"0":0,"1":0,"2":0,"3":3,"4":0,"5":0,"6":0,"7":0,"8":0,"9":0,"10":0},"b":{"0":[0,0],"1":[0,0,0],"2":[2,1],"3":[3,2],"4":[0,0],"5":[0,0],"6":[0,0],"7":[0,0,0],"8":[0,1],"9":[0,0],"10":[0,0]},"_coverageSchema":"1a1c01bbd47fc00a2c39e90264f33305004495a9","hash":"c23f9c4a1167c3ae839b297f2b8d4107f640fccc"}
}
